#-----------------------------------------------------------
# Vivado v2019.2 (64-bit)
# SW Build 2708876 on Wed Nov  6 21:40:23 MST 2019
# IP Build 2700528 on Thu Nov  7 00:09:20 MST 2019
# Start of session at: Thu May 27 22:34:40 2021
# Process ID: 2540
# Current directory: D:/assignment/computerOrganization_LabWork/0521_2214/project_1
# Command line: vivado.exe -gui_launcher_event rodinguilauncherevent6996 D:\assignment\computerOrganization_LabWork\0521_2214\project_1\project_1.xpr
# Log file: D:/assignment/computerOrganization_LabWork/0521_2214/project_1/vivado.log
# Journal file: D:/assignment/computerOrganization_LabWork/0521_2214/project_1\vivado.jou
#-----------------------------------------------------------
start_gui
open_project D:/assignment/computerOrganization_LabWork/0521_2214/project_1/project_1.xpr
Scanning sources...
Finished scanning sources
INFO: [IP_Flow 19-234] Refreshing IP repositories
INFO: [IP_Flow 19-1704] No user IP repositories specified
INFO: [IP_Flow 19-2313] Loaded Vivado IP repository 'C:/Xilinx/Vivado/2019.2/data/ip'.
open_project: Time (s): cpu = 00:00:12 ; elapsed = 00:00:05 . Memory (MB): peak = 925.750 ; gain = 53.090
update_compile_order -fileset sources_1
exit
