
*** Running vivado
    with args -log app.vdi -applog -m64 -product Vivado -messageDb vivado.pb -mode batch -source app.tcl -notrace


****** Vivado v2019.2 (64-bit)
  **** SW Build 2708876 on Wed Nov  6 21:40:23 MST 2019
  **** IP Build 2700528 on Thu Nov  7 00:09:20 MST 2019
    ** Copyright 1986-2019 Xilinx, Inc. All Rights Reserved.

source app.tcl -notrace
Command: link_design -top app -part xc7a100tfgg484-1
Design is defaulting to srcset: sources_1
Design is defaulting to constrset: constrs_1
INFO: [Device 21-403] Loading part xc7a100tfgg484-1
Netlist sorting complete. Time (s): cpu = 00:00:00 ; elapsed = 00:00:00.005 . Memory (MB): peak = 554.793 ; gain = 0.000
INFO: [Netlist 29-17] Analyzing 47 Unisim elements for replacement
INFO: [Netlist 29-28] Unisim Transformation completed in 0 CPU seconds
INFO: [Project 1-479] Netlist was created with Vivado 2018.3
INFO: [Project 1-570] Preparing netlist for logic optimization
Parsing XDC File [D:/assignment/computerOrganization_LabWork/ex_1/project_2/project_2.srcs/constrs_1/new/pin.xdc]
Finished Parsing XDC File [D:/assignment/computerOrganization_LabWork/ex_1/project_2/project_2.srcs/constrs_1/new/pin.xdc]
INFO: [Opt 31-138] Pushed 0 inverter(s) to 0 load pin(s).
Netlist sorting complete. Time (s): cpu = 00:00:00 ; elapsed = 00:00:00 . Memory (MB): peak = 664.625 ; gain = 0.000
INFO: [Project 1-111] Unisim Transformation Summary:
No Unisim elements were transformed.

7 Infos, 0 Warnings, 0 Critical Warnings and 0 Errors encountered.
link_design completed successfully
link_design: Time (s): cpu = 00:00:06 ; elapsed = 00:00:07 . Memory (MB): peak = 668.645 ; gain = 371.699
Command: opt_design
Attempting to get a license for feature 'Implementation' and/or device 'xc7a100t'
INFO: [Common 17-349] Got license for feature 'Implementation' and/or device 'xc7a100t'
Running DRC as a precondition to command opt_design

Starting DRC Task
INFO: [DRC 23-27] Running DRC with 2 threads
INFO: [Project 1-461] DRC finished with 0 Errors
INFO: [Project 1-462] Please refer to the DRC report (report_drc) for more information.

Time (s): cpu = 00:00:01 ; elapsed = 00:00:00.649 . Memory (MB): peak = 688.539 ; gain = 19.895

Starting Cache Timing Information Task
INFO: [Timing 38-35] Done setting XDC timing constraints.
Ending Cache Timing Information Task | Checksum: 17e4e24ac

Time (s): cpu = 00:00:08 ; elapsed = 00:00:09 . Memory (MB): peak = 1239.449 ; gain = 550.910

Starting Logic Optimization Task

Phase 1 Retarget
INFO: [Opt 31-138] Pushed 0 inverter(s) to 0 load pin(s).
INFO: [Opt 31-49] Retargeted 0 cell(s).
Phase 1 Retarget | Checksum: 17e4e24ac

Time (s): cpu = 00:00:00 ; elapsed = 00:00:00.053 . Memory (MB): peak = 1431.203 ; gain = 0.000
INFO: [Opt 31-389] Phase Retarget created 0 cells and removed 0 cells

Phase 2 Constant propagation
INFO: [Opt 31-138] Pushed 0 inverter(s) to 0 load pin(s).
Phase 2 Constant propagation | Checksum: 204e383d6

Time (s): cpu = 00:00:00 ; elapsed = 00:00:00.079 . Memory (MB): peak = 1431.203 ; gain = 0.000
INFO: [Opt 31-389] Phase Constant propagation created 0 cells and removed 0 cells

Phase 3 Sweep
Phase 3 Sweep | Checksum: 193fc4818

Time (s): cpu = 00:00:00 ; elapsed = 00:00:00.099 . Memory (MB): peak = 1431.203 ; gain = 0.000
INFO: [Opt 31-389] Phase Sweep created 0 cells and removed 0 cells

Phase 4 BUFG optimization
INFO: [Opt 31-1112] Starts optimizing BUFG(s) with a common MMCM/DPLL/XPLL driver.
INFO: [Opt 31-1112] Starts optimizing BUFG(s) with a common driver.
INFO: [Opt 31-1092] Phase BUFG optimization transformed 0 BUFG(s) to MBUFG(s).
Phase 4 BUFG optimization | Checksum: 193fc4818

Time (s): cpu = 00:00:00 ; elapsed = 00:00:00.116 . Memory (MB): peak = 1431.203 ; gain = 0.000
INFO: [Opt 31-662] Phase BUFG optimization created 0 cells of which 0 are BUFGs and removed 0 cells.

Phase 5 Shift Register Optimization
INFO: [Opt 31-1064] SRL Remap converted 0 SRLs to 0 registers and converted 0 registers of register chains to 0 SRLs
Phase 5 Shift Register Optimization | Checksum: 193fc4818

Time (s): cpu = 00:00:00 ; elapsed = 00:00:00.123 . Memory (MB): peak = 1431.203 ; gain = 0.000
INFO: [Opt 31-389] Phase Shift Register Optimization created 0 cells and removed 0 cells

Phase 6 Post Processing Netlist
Phase 6 Post Processing Netlist | Checksum: 193fc4818

Time (s): cpu = 00:00:00 ; elapsed = 00:00:00.129 . Memory (MB): peak = 1431.203 ; gain = 0.000
INFO: [Opt 31-389] Phase Post Processing Netlist created 0 cells and removed 0 cells
Opt_design Change Summary
=========================


-------------------------------------------------------------------------------------------------------------------------
|  Phase                        |  #Cells created  |  #Cells Removed  |  #Constrained objects preventing optimizations  |
-------------------------------------------------------------------------------------------------------------------------
|  Retarget                     |               0  |               0  |                                              0  |
|  Constant propagation         |               0  |               0  |                                              0  |
|  Sweep                        |               0  |               0  |                                              0  |
|  BUFG optimization            |               0  |               0  |                                              0  |
|  Shift Register Optimization  |               0  |               0  |                                              0  |
|  Post Processing Netlist      |               0  |               0  |                                              0  |
-------------------------------------------------------------------------------------------------------------------------



Starting Connectivity Check Task

Time (s): cpu = 00:00:00 ; elapsed = 00:00:00.001 . Memory (MB): peak = 1431.203 ; gain = 0.000
Ending Logic Optimization Task | Checksum: a33f645e

Time (s): cpu = 00:00:01 ; elapsed = 00:00:00.156 . Memory (MB): peak = 1431.203 ; gain = 0.000

Starting Power Optimization Task
INFO: [Pwropt 34-132] Skipping clock gating for clocks with a period < 2.00 ns.
Ending Power Optimization Task | Checksum: a33f645e

Time (s): cpu = 00:00:00 ; elapsed = 00:00:00.019 . Memory (MB): peak = 1431.203 ; gain = 0.000

Starting Final Cleanup Task
Ending Final Cleanup Task | Checksum: a33f645e

Time (s): cpu = 00:00:00 ; elapsed = 00:00:00 . Memory (MB): peak = 1431.203 ; gain = 0.000

Starting Netlist Obfuscation Task
Netlist sorting complete. Time (s): cpu = 00:00:00 ; elapsed = 00:00:00 . Memory (MB): peak = 1431.203 ; gain = 0.000
Ending Netlist Obfuscation Task | Checksum: a33f645e

Time (s): cpu = 00:00:00 ; elapsed = 00:00:00 . Memory (MB): peak = 1431.203 ; gain = 0.000
INFO: [Common 17-83] Releasing license: Implementation
27 Infos, 0 Warnings, 0 Critical Warnings and 0 Errors encountered.
opt_design completed successfully
opt_design: Time (s): cpu = 00:00:12 ; elapsed = 00:00:12 . Memory (MB): peak = 1431.203 ; gain = 762.559
Netlist sorting complete. Time (s): cpu = 00:00:00 ; elapsed = 00:00:00.001 . Memory (MB): peak = 1431.203 ; gain = 0.000
INFO: [Timing 38-480] Writing timing data to binary archive.
Writing placer database...
Writing XDEF routing.
Writing XDEF routing logical nets.
Writing XDEF routing special nets.
Write XDEF Complete: Time (s): cpu = 00:00:00 ; elapsed = 00:00:00.048 . Memory (MB): peak = 1431.203 ; gain = 0.000
INFO: [Common 17-1381] The checkpoint 'D:/assignment/computerOrganization_LabWork/ex_1/project_2/project_2.runs/impl_1/app_opt.dcp' has been generated.
INFO: [runtcl-4] Executing : report_drc -file app_drc_opted.rpt -pb app_drc_opted.pb -rpx app_drc_opted.rpx
Command: report_drc -file app_drc_opted.rpt -pb app_drc_opted.pb -rpx app_drc_opted.rpx
INFO: [IP_Flow 19-234] Refreshing IP repositories
INFO: [IP_Flow 19-1704] No user IP repositories specified
INFO: [IP_Flow 19-2313] Loaded Vivado IP repository 'C:/Xilinx/Vivado/2019.2/data/ip'.
INFO: [DRC 23-27] Running DRC with 2 threads
INFO: [Coretcl 2-168] The results of DRC are in file D:/assignment/computerOrganization_LabWork/ex_1/project_2/project_2.runs/impl_1/app_drc_opted.rpt.
report_drc completed successfully
Command: place_design
Attempting to get a license for feature 'Implementation' and/or device 'xc7a100t'
INFO: [Common 17-349] Got license for feature 'Implementation' and/or device 'xc7a100t'
INFO: [DRC 23-27] Running DRC with 2 threads
INFO: [Vivado_Tcl 4-198] DRC finished with 0 Errors
INFO: [Vivado_Tcl 4-199] Please refer to the DRC report (report_drc) for more information.
Running DRC as a precondition to command place_design
INFO: [DRC 23-27] Running DRC with 2 threads
INFO: [Vivado_Tcl 4-198] DRC finished with 0 Errors
INFO: [Vivado_Tcl 4-199] Please refer to the DRC report (report_drc) for more information.

Starting Placer Task
INFO: [Place 30-611] Multithreading enabled for place_design using a maximum of 2 CPUs

Phase 1 Placer Initialization

Phase 1.1 Placer Initialization Netlist Sorting
Netlist sorting complete. Time (s): cpu = 00:00:00 ; elapsed = 00:00:00 . Memory (MB): peak = 1431.203 ; gain = 0.000
Phase 1.1 Placer Initialization Netlist Sorting | Checksum: 9f553597

Time (s): cpu = 00:00:00 ; elapsed = 00:00:00.020 . Memory (MB): peak = 1431.203 ; gain = 0.000
Netlist sorting complete. Time (s): cpu = 00:00:00 ; elapsed = 00:00:00 . Memory (MB): peak = 1431.203 ; gain = 0.000

Phase 1.2 IO Placement/ Clock Placement/ Build Placer Device
INFO: [Timing 38-35] Done setting XDC timing constraints.
Phase 1.2 IO Placement/ Clock Placement/ Build Placer Device | Checksum: 1ab324399

Time (s): cpu = 00:00:02 ; elapsed = 00:00:01 . Memory (MB): peak = 1431.203 ; gain = 0.000

Phase 1.3 Build Placer Netlist Model
Phase 1.3 Build Placer Netlist Model | Checksum: 2889a5d53

Time (s): cpu = 00:00:02 ; elapsed = 00:00:01 . Memory (MB): peak = 1431.203 ; gain = 0.000

Phase 1.4 Constrain Clocks/Macros
Phase 1.4 Constrain Clocks/Macros | Checksum: 2889a5d53

Time (s): cpu = 00:00:02 ; elapsed = 00:00:01 . Memory (MB): peak = 1431.203 ; gain = 0.000
Phase 1 Placer Initialization | Checksum: 2889a5d53

Time (s): cpu = 00:00:02 ; elapsed = 00:00:01 . Memory (MB): peak = 1431.203 ; gain = 0.000

Phase 2 Global Placement

Phase 2.1 Floorplanning
Phase 2.1 Floorplanning | Checksum: 2889a5d53

Time (s): cpu = 00:00:02 ; elapsed = 00:00:01 . Memory (MB): peak = 1431.203 ; gain = 0.000

Phase 2.2 Global Placement Core
WARNING: [Place 46-29] place_design is not in timing mode. Skip physical synthesis in placer
Phase 2.2 Global Placement Core | Checksum: 1db688725

Time (s): cpu = 00:00:03 ; elapsed = 00:00:02 . Memory (MB): peak = 1431.203 ; gain = 0.000
Phase 2 Global Placement | Checksum: 1db688725

Time (s): cpu = 00:00:03 ; elapsed = 00:00:02 . Memory (MB): peak = 1431.203 ; gain = 0.000

Phase 3 Detail Placement

Phase 3.1 Commit Multi Column Macros
Phase 3.1 Commit Multi Column Macros | Checksum: 1db688725

Time (s): cpu = 00:00:03 ; elapsed = 00:00:02 . Memory (MB): peak = 1431.203 ; gain = 0.000

Phase 3.2 Commit Most Macros & LUTRAMs
Phase 3.2 Commit Most Macros & LUTRAMs | Checksum: 1ad2fda74

Time (s): cpu = 00:00:03 ; elapsed = 00:00:02 . Memory (MB): peak = 1431.203 ; gain = 0.000

Phase 3.3 Area Swap Optimization
Phase 3.3 Area Swap Optimization | Checksum: 184851c8f

Time (s): cpu = 00:00:03 ; elapsed = 00:00:02 . Memory (MB): peak = 1431.203 ; gain = 0.000

Phase 3.4 Pipeline Register Optimization
Phase 3.4 Pipeline Register Optimization | Checksum: 184851c8f

Time (s): cpu = 00:00:03 ; elapsed = 00:00:02 . Memory (MB): peak = 1431.203 ; gain = 0.000

Phase 3.5 Small Shape Detail Placement
Phase 3.5 Small Shape Detail Placement | Checksum: 14627f5c5

Time (s): cpu = 00:00:03 ; elapsed = 00:00:02 . Memory (MB): peak = 1431.203 ; gain = 0.000

Phase 3.6 Re-assign LUT pins
Phase 3.6 Re-assign LUT pins | Checksum: 14627f5c5

Time (s): cpu = 00:00:03 ; elapsed = 00:00:02 . Memory (MB): peak = 1431.203 ; gain = 0.000

Phase 3.7 Pipeline Register Optimization
Phase 3.7 Pipeline Register Optimization | Checksum: 14627f5c5

Time (s): cpu = 00:00:03 ; elapsed = 00:00:02 . Memory (MB): peak = 1431.203 ; gain = 0.000
Phase 3 Detail Placement | Checksum: 14627f5c5

Time (s): cpu = 00:00:03 ; elapsed = 00:00:02 . Memory (MB): peak = 1431.203 ; gain = 0.000

Phase 4 Post Placement Optimization and Clean-Up

Phase 4.1 Post Commit Optimization
Phase 4.1 Post Commit Optimization | Checksum: 14627f5c5

Time (s): cpu = 00:00:03 ; elapsed = 00:00:02 . Memory (MB): peak = 1431.203 ; gain = 0.000

Phase 4.2 Post Placement Cleanup
Phase 4.2 Post Placement Cleanup | Checksum: 14627f5c5

Time (s): cpu = 00:00:03 ; elapsed = 00:00:02 . Memory (MB): peak = 1431.203 ; gain = 0.000

Phase 4.3 Placer Reporting
Phase 4.3 Placer Reporting | Checksum: 14627f5c5

Time (s): cpu = 00:00:03 ; elapsed = 00:00:02 . Memory (MB): peak = 1431.203 ; gain = 0.000

Phase 4.4 Final Placement Cleanup
Netlist sorting complete. Time (s): cpu = 00:00:00 ; elapsed = 00:00:00.001 . Memory (MB): peak = 1431.203 ; gain = 0.000
Phase 4.4 Final Placement Cleanup | Checksum: f3b8add9

Time (s): cpu = 00:00:03 ; elapsed = 00:00:02 . Memory (MB): peak = 1431.203 ; gain = 0.000
Phase 4 Post Placement Optimization and Clean-Up | Checksum: f3b8add9

Time (s): cpu = 00:00:03 ; elapsed = 00:00:02 . Memory (MB): peak = 1431.203 ; gain = 0.000
Ending Placer Task | Checksum: ed5ecd33

Time (s): cpu = 00:00:03 ; elapsed = 00:00:02 . Memory (MB): peak = 1431.203 ; gain = 0.000
INFO: [Common 17-83] Releasing license: Implementation
45 Infos, 1 Warnings, 0 Critical Warnings and 0 Errors encountered.
place_design completed successfully
Netlist sorting complete. Time (s): cpu = 00:00:00 ; elapsed = 00:00:00 . Memory (MB): peak = 1431.203 ; gain = 0.000
INFO: [Timing 38-480] Writing timing data to binary archive.
Writing placer database...
Writing XDEF routing.
Writing XDEF routing logical nets.
Writing XDEF routing special nets.
Write XDEF Complete: Time (s): cpu = 00:00:01 ; elapsed = 00:00:00.082 . Memory (MB): peak = 1433.086 ; gain = 1.883
INFO: [Common 17-1381] The checkpoint 'D:/assignment/computerOrganization_LabWork/ex_1/project_2/project_2.runs/impl_1/app_placed.dcp' has been generated.
INFO: [runtcl-4] Executing : report_io -file app_io_placed.rpt
report_io: Time (s): cpu = 00:00:00 ; elapsed = 00:00:00.071 . Memory (MB): peak = 1433.086 ; gain = 0.000
INFO: [runtcl-4] Executing : report_utilization -file app_utilization_placed.rpt -pb app_utilization_placed.pb
INFO: [runtcl-4] Executing : report_control_sets -verbose -file app_control_sets_placed.rpt
report_control_sets: Time (s): cpu = 00:00:00 ; elapsed = 00:00:00.004 . Memory (MB): peak = 1433.086 ; gain = 0.000
Command: route_design
Attempting to get a license for feature 'Implementation' and/or device 'xc7a100t'
INFO: [Common 17-349] Got license for feature 'Implementation' and/or device 'xc7a100t'
Running DRC as a precondition to command route_design
INFO: [DRC 23-27] Running DRC with 2 threads
INFO: [Vivado_Tcl 4-198] DRC finished with 0 Errors
INFO: [Vivado_Tcl 4-199] Please refer to the DRC report (report_drc) for more information.


Starting Routing Task
INFO: [Route 35-254] Multithreading enabled for route_design using a maximum of 2 CPUs
Checksum: PlaceDB: 5a2da89a ConstDB: 0 ShapeSum: 93312499 RouteDB: 0

Phase 1 Build RT Design
Phase 1 Build RT Design | Checksum: a8bec177

Time (s): cpu = 00:00:32 ; elapsed = 00:00:28 . Memory (MB): peak = 1565.281 ; gain = 119.098
Post Restoration Checksum: NetGraph: 3a4adebc NumContArr: 6e73e2bb Constraints: 0 Timing: 0

Phase 2 Router Initialization
INFO: [Route 35-64] No timing constraints were detected. The router will operate in resource-optimization mode.

Phase 2.1 Fix Topology Constraints
Phase 2.1 Fix Topology Constraints | Checksum: a8bec177

Time (s): cpu = 00:00:32 ; elapsed = 00:00:28 . Memory (MB): peak = 1571.320 ; gain = 125.137

Phase 2.2 Pre Route Cleanup
Phase 2.2 Pre Route Cleanup | Checksum: a8bec177

Time (s): cpu = 00:00:32 ; elapsed = 00:00:28 . Memory (MB): peak = 1571.320 ; gain = 125.137
 Number of Nodes with overlaps = 0
Phase 2 Router Initialization | Checksum: 11c1557e6

Time (s): cpu = 00:00:32 ; elapsed = 00:00:28 . Memory (MB): peak = 1578.695 ; gain = 132.512

Router Utilization Summary
  Global Vertical Routing Utilization    = 0 %
  Global Horizontal Routing Utilization  = 0 %
  Routable Net Status*
  *Does not include unroutable nets such as driverless and loadless.
  Run report_route_status for detailed report.
  Number of Failed Nets               = 311
    (Failed Nets is the sum of unrouted and partially routed nets)
  Number of Unrouted Nets             = 311
  Number of Partially Routed Nets     = 0
  Number of Node Overlaps             = 0


Phase 3 Initial Routing
Phase 3 Initial Routing | Checksum: 4855d83a

Time (s): cpu = 00:00:32 ; elapsed = 00:00:28 . Memory (MB): peak = 1579.047 ; gain = 132.863

Phase 4 Rip-up And Reroute

Phase 4.1 Global Iteration 0
 Number of Nodes with overlaps = 16
 Number of Nodes with overlaps = 0
Phase 4.1 Global Iteration 0 | Checksum: 7ee12ad2

Time (s): cpu = 00:00:32 ; elapsed = 00:00:28 . Memory (MB): peak = 1579.047 ; gain = 132.863
Phase 4 Rip-up And Reroute | Checksum: 7ee12ad2

Time (s): cpu = 00:00:32 ; elapsed = 00:00:28 . Memory (MB): peak = 1579.047 ; gain = 132.863

Phase 5 Delay and Skew Optimization
Phase 5 Delay and Skew Optimization | Checksum: 7ee12ad2

Time (s): cpu = 00:00:32 ; elapsed = 00:00:28 . Memory (MB): peak = 1579.047 ; gain = 132.863

Phase 6 Post Hold Fix

Phase 6.1 Hold Fix Iter
Phase 6.1 Hold Fix Iter | Checksum: 7ee12ad2

Time (s): cpu = 00:00:32 ; elapsed = 00:00:28 . Memory (MB): peak = 1579.047 ; gain = 132.863
Phase 6 Post Hold Fix | Checksum: 7ee12ad2

Time (s): cpu = 00:00:32 ; elapsed = 00:00:28 . Memory (MB): peak = 1579.047 ; gain = 132.863

Phase 7 Route finalize

Router Utilization Summary
  Global Vertical Routing Utilization    = 0.0923532 %
  Global Horizontal Routing Utilization  = 0.0767263 %
  Routable Net Status*
  *Does not include unroutable nets such as driverless and loadless.
  Run report_route_status for detailed report.
  Number of Failed Nets               = 0
    (Failed Nets is the sum of unrouted and partially routed nets)
  Number of Unrouted Nets             = 0
  Number of Partially Routed Nets     = 0
  Number of Node Overlaps             = 0

Congestion Report
North Dir 1x1 Area, Max Cong = 18.9189%, No Congested Regions.
South Dir 1x1 Area, Max Cong = 25.2252%, No Congested Regions.
East Dir 1x1 Area, Max Cong = 20.5882%, No Congested Regions.
West Dir 1x1 Area, Max Cong = 29.4118%, No Congested Regions.

------------------------------
Reporting congestion hotspots
------------------------------
Direction: North
----------------
Congested clusters found at Level 0
Effective congestion level: 0 Aspect Ratio: 1 Sparse Ratio: 0
Direction: South
----------------
Congested clusters found at Level 0
Effective congestion level: 0 Aspect Ratio: 1 Sparse Ratio: 0
Direction: East
----------------
Congested clusters found at Level 0
Effective congestion level: 0 Aspect Ratio: 1 Sparse Ratio: 0
Direction: West
----------------
Congested clusters found at Level 0
Effective congestion level: 0 Aspect Ratio: 1 Sparse Ratio: 0

Phase 7 Route finalize | Checksum: 7ee12ad2

Time (s): cpu = 00:00:32 ; elapsed = 00:00:28 . Memory (MB): peak = 1579.047 ; gain = 132.863

Phase 8 Verifying routed nets

 Verification completed successfully
Phase 8 Verifying routed nets | Checksum: 7ee12ad2

Time (s): cpu = 00:00:32 ; elapsed = 00:00:28 . Memory (MB): peak = 1581.082 ; gain = 134.898

Phase 9 Depositing Routes
Phase 9 Depositing Routes | Checksum: 47e3ecd0

Time (s): cpu = 00:00:32 ; elapsed = 00:00:28 . Memory (MB): peak = 1581.082 ; gain = 134.898
INFO: [Route 35-16] Router Completed Successfully

Time (s): cpu = 00:00:32 ; elapsed = 00:00:28 . Memory (MB): peak = 1581.082 ; gain = 134.898

Routing Is Done.
INFO: [Common 17-83] Releasing license: Implementation
58 Infos, 1 Warnings, 0 Critical Warnings and 0 Errors encountered.
route_design completed successfully
route_design: Time (s): cpu = 00:00:33 ; elapsed = 00:00:29 . Memory (MB): peak = 1581.082 ; gain = 147.996
Netlist sorting complete. Time (s): cpu = 00:00:00 ; elapsed = 00:00:00 . Memory (MB): peak = 1581.082 ; gain = 0.000
INFO: [Timing 38-480] Writing timing data to binary archive.
Writing placer database...
Writing XDEF routing.
Writing XDEF routing logical nets.
Writing XDEF routing special nets.
Write XDEF Complete: Time (s): cpu = 00:00:00 ; elapsed = 00:00:00.061 . Memory (MB): peak = 1590.922 ; gain = 9.840
INFO: [Common 17-1381] The checkpoint 'D:/assignment/computerOrganization_LabWork/ex_1/project_2/project_2.runs/impl_1/app_routed.dcp' has been generated.
INFO: [runtcl-4] Executing : report_drc -file app_drc_routed.rpt -pb app_drc_routed.pb -rpx app_drc_routed.rpx
Command: report_drc -file app_drc_routed.rpt -pb app_drc_routed.pb -rpx app_drc_routed.rpx
INFO: [IP_Flow 19-1839] IP Catalog is up to date.
INFO: [DRC 23-27] Running DRC with 2 threads
INFO: [Coretcl 2-168] The results of DRC are in file D:/assignment/computerOrganization_LabWork/ex_1/project_2/project_2.runs/impl_1/app_drc_routed.rpt.
report_drc completed successfully
INFO: [runtcl-4] Executing : report_methodology -file app_methodology_drc_routed.rpt -pb app_methodology_drc_routed.pb -rpx app_methodology_drc_routed.rpx
Command: report_methodology -file app_methodology_drc_routed.rpt -pb app_methodology_drc_routed.pb -rpx app_methodology_drc_routed.rpx
INFO: [Timing 38-35] Done setting XDC timing constraints.
INFO: [DRC 23-133] Running Methodology with 2 threads
INFO: [Coretcl 2-1520] The results of Report Methodology are in file D:/assignment/computerOrganization_LabWork/ex_1/project_2/project_2.runs/impl_1/app_methodology_drc_routed.rpt.
report_methodology completed successfully
INFO: [runtcl-4] Executing : report_power -file app_power_routed.rpt -pb app_power_summary_routed.pb -rpx app_power_routed.rpx
Command: report_power -file app_power_routed.rpt -pb app_power_summary_routed.pb -rpx app_power_routed.rpx
INFO: [Timing 38-35] Done setting XDC timing constraints.
WARNING: [Power 33-232] No user defined clocks were found in the design! Power estimation will be inaccurate until this is corrected.
Resolution: Please specify clocks using create_clock/create_generated_clock for sequential elements. For pure combinatorial circuits, please specify a virtual clock, otherwise the vectorless estimation might be inaccurate
Running Vector-less Activity Propagation...

Finished Running Vector-less Activity Propagation
70 Infos, 2 Warnings, 0 Critical Warnings and 0 Errors encountered.
report_power completed successfully
INFO: [runtcl-4] Executing : report_route_status -file app_route_status.rpt -pb app_route_status.pb
INFO: [runtcl-4] Executing : report_timing_summary -max_paths 10 -file app_timing_summary_routed.rpt -pb app_timing_summary_routed.pb -rpx app_timing_summary_routed.rpx -warn_on_violation 
INFO: [Timing 38-91] UpdateTimingParams: Speed grade: -1, Delay Type: min_max.
INFO: [Timing 38-191] Multithreading enabled for timing update using a maximum of 2 CPUs
WARNING: [Timing 38-313] There are no user specified timing constraints. Timing constraints are needed for proper timing analysis.
INFO: [runtcl-4] Executing : report_incremental_reuse -file app_incremental_reuse_routed.rpt
INFO: [Vivado_Tcl 4-1062] Incremental flow is disabled. No incremental reuse Info to report.
INFO: [runtcl-4] Executing : report_clock_utilization -file app_clock_utilization_routed.rpt
INFO: [runtcl-4] Executing : report_bus_skew -warn_on_violation -file app_bus_skew_routed.rpt -pb app_bus_skew_routed.pb -rpx app_bus_skew_routed.rpx
INFO: [Timing 38-91] UpdateTimingParams: Speed grade: -1, Delay Type: min_max.
INFO: [Timing 38-191] Multithreading enabled for timing update using a maximum of 2 CPUs
INFO: [Common 17-206] Exiting Vivado at Sat May 15 11:58:39 2021...
