#-----------------------------------------------------------
# Vivado v2019.2 (64-bit)
# SW Build 2708876 on Wed Nov  6 21:40:23 MST 2019
# IP Build 2700528 on Thu Nov  7 00:09:20 MST 2019
# Start of session at: Sat May  8 00:23:49 2021
# Process ID: 3972
# Current directory: D:/assignment/computerOrganization_LabWork/project_1
# Command line: vivado.exe -gui_launcher_event rodinguilauncherevent4376 D:\assignment\computerOrganization_LabWork\project_1\project_1.xpr
# Log file: D:/assignment/computerOrganization_LabWork/project_1/vivado.log
# Journal file: D:/assignment/computerOrganization_LabWork/project_1\vivado.jou
#-----------------------------------------------------------
start_gui
open_project D:/assignment/computerOrganization_LabWork/project_1/project_1.xpr
INFO: [Project 1-313] Project file moved from 'D:/190110716/project_1' since last save.
Scanning sources...
Finished scanning sources
INFO: [Project 1-230] Project 'project_1.xpr' upgraded for this version of Vivado.
INFO: [IP_Flow 19-234] Refreshing IP repositories
INFO: [IP_Flow 19-1704] No user IP repositories specified
INFO: [IP_Flow 19-2313] Loaded Vivado IP repository 'C:/Xilinx/Vivado/2019.2/data/ip'.
update_compile_order -fileset sources_1
exit
INFO: [Common 17-206] Exiting Vivado at Sat May  8 00:58:24 2021...
